2017-11-26 17:17:33 INFO  LoggerWrapper:43 - null-1 logger injecting
2017-11-26 17:17:33 INFO  LoggerWrapper:43 - null-1 logger injected
2017-11-26 17:17:33 INFO  LoggerWrapper:43 - null-1 StreamData injecting
2017-11-26 17:17:33 INFO  LoggerWrapper:43 - null-1 StreamData injected
2017-11-26 17:17:33 INFO  LoggerWrapper:43 - null-1 connected to redis by host: localhost
2017-11-26 17:17:34 INFO  LoggerWrapper:43 - null-1 stored by keyBelgium_25195015
2017-11-26 17:17:34 INFO  LoggerWrapper:43 - null-1 stored by keyBelgium_25195015
2017-11-26 17:17:48 INFO  LoggerWrapper:43 - null-1 logger injecting
2017-11-26 17:17:48 INFO  LoggerWrapper:43 - null-1 logger injected
2017-11-26 17:17:48 INFO  LoggerWrapper:43 - null-1 StreamData injecting
2017-11-26 17:17:48 INFO  LoggerWrapper:43 - null-1 StreamData injected
2017-11-26 17:17:48 INFO  LoggerWrapper:43 - null-1 connected to redis by host: localhost
2017-11-26 17:17:48 INFO  LoggerWrapper:43 - null-1 stored by keyBelgium_25195015
2017-11-26 17:17:48 INFO  LoggerWrapper:43 - null-1 stored by keyBelgium_25195015
2017-11-26 17:21:13 INFO  LoggerWrapper:43 - null-1 logger injecting
2017-11-26 17:21:13 INFO  LoggerWrapper:43 - null-1 logger injected
2017-11-26 17:21:13 INFO  LoggerWrapper:43 - null-1 StreamData injecting
2017-11-26 17:21:13 INFO  LoggerWrapper:43 - null-1 StreamData injected
2017-11-26 17:21:13 INFO  LoggerWrapper:43 - null-1 connected to redis by host: localhost
2017-11-26 17:21:13 INFO  LoggerWrapper:43 - null-1 stored by keyBelgium_25195015
2017-11-26 17:21:13 INFO  LoggerWrapper:43 - null-1 stored by keyBelgium_25195015
2017-11-26 17:21:17 INFO  LoggerWrapper:43 - null-1 logger injecting
2017-11-26 17:21:17 INFO  LoggerWrapper:43 - null-1 logger injected
2017-11-26 17:21:17 INFO  LoggerWrapper:43 - null-1 StreamData injecting
2017-11-26 17:21:17 INFO  LoggerWrapper:43 - null-1 StreamData injected
2017-11-26 17:21:17 INFO  LoggerWrapper:43 - null-1 connected to redis by host: localhost
2017-11-26 17:21:17 INFO  LoggerWrapper:43 - null-1 stored by keyBelgium_25195015
2017-11-26 17:21:17 INFO  LoggerWrapper:43 - null-1 stored by keyBelgium_25195015
2017-11-26 17:21:20 INFO  LoggerWrapper:43 - null-1 logger injecting
2017-11-26 17:21:20 INFO  LoggerWrapper:43 - null-1 logger injected
2017-11-26 17:21:20 INFO  LoggerWrapper:43 - null-1 StreamData injecting
2017-11-26 17:21:20 INFO  LoggerWrapper:43 - null-1 StreamData injected
2017-11-26 17:21:20 INFO  LoggerWrapper:43 - null-1 connected to redis by host: localhost
2017-11-26 17:21:20 INFO  LoggerWrapper:43 - null-1 stored by keyBelgium_25195015
2017-11-26 17:21:20 INFO  LoggerWrapper:43 - null-1 stored by keyBelgium_25195015
2017-11-26 17:27:53 INFO  LoggerWrapper:43 - null-1 logger injecting
2017-11-26 17:27:53 INFO  LoggerWrapper:43 - null-1 logger injected
2017-11-26 17:27:53 INFO  LoggerWrapper:43 - null-1 StreamData injecting
2017-11-26 17:27:53 INFO  LoggerWrapper:43 - null-1 StreamData injected
2017-11-26 17:27:54 INFO  LoggerWrapper:43 - null-1 connected to redis by host: localhost
2017-11-26 17:27:54 INFO  LoggerWrapper:43 - null-1 stored by keyBelgium_25195015
2017-11-26 17:27:54 INFO  LoggerWrapper:43 - null-1 stored by keyBelgium_25195015
2017-11-26 17:27:57 INFO  LoggerWrapper:43 - null-1 logger injecting
2017-11-26 17:27:57 INFO  LoggerWrapper:43 - null-1 logger injected
2017-11-26 17:27:57 INFO  LoggerWrapper:43 - null-1 StreamData injecting
2017-11-26 17:27:57 INFO  LoggerWrapper:43 - null-1 StreamData injected
2017-11-26 17:27:57 INFO  LoggerWrapper:43 - null-1 connected to redis by host: localhost
2017-11-26 17:27:57 INFO  LoggerWrapper:43 - null-1 stored by keyBelgium_25195015
2017-11-26 17:27:57 INFO  LoggerWrapper:43 - null-1 stored by keyBelgium_25195015
2017-11-26 17:29:37 INFO  LoggerWrapper:43 - null-1 logger injecting
2017-11-26 17:29:37 INFO  LoggerWrapper:43 - null-1 logger injected
2017-11-26 17:29:37 INFO  LoggerWrapper:43 - null-1 StreamData injecting
2017-11-26 17:29:37 INFO  LoggerWrapper:43 - null-1 StreamData injected
2017-11-26 17:29:37 INFO  LoggerWrapper:43 - null-1 connected to redis by host: localhost port: 6379 DB: 0
2017-11-26 17:29:37 INFO  LoggerWrapper:43 - null-1 stored by keyBelgium_25195015
2017-11-26 17:29:37 INFO  LoggerWrapper:43 - null-1 stored by keyBelgium_25195015
2017-11-26 17:33:40 INFO  LoggerWrapper:43 - null-1 logger injecting
2017-11-26 17:33:40 INFO  LoggerWrapper:43 - null-1 logger injected
2017-11-26 17:33:40 INFO  LoggerWrapper:43 - null-1 StreamData injecting
2017-11-26 17:33:40 INFO  LoggerWrapper:43 - null-1 StreamData injected
2017-11-26 17:33:40 INFO  LoggerWrapper:43 - null-1 connected to redis by host: localhost port: 6379 DB: 1
2017-11-26 17:33:40 INFO  LoggerWrapper:43 - null-1 stored by keyBelgium_25195015
2017-11-26 17:33:40 INFO  LoggerWrapper:43 - null-1 stored by keyBelgium_25195015
2017-11-26 17:35:39 INFO  LoggerWrapper:43 - null-1 logger injecting
2017-11-26 17:35:39 INFO  LoggerWrapper:43 - null-1 logger injected
2017-11-26 17:35:39 INFO  LoggerWrapper:43 - null-1 StreamData injecting
2017-11-26 17:35:39 INFO  LoggerWrapper:43 - null-1 StreamData injected
2017-11-26 17:35:39 INFO  LoggerWrapper:43 - null-1 connected to redis by host: localhost port: 6379 DB: 10
2017-11-26 17:35:39 INFO  LoggerWrapper:43 - null-1 stored by keyBelgium_25195015
2017-11-26 17:35:39 INFO  LoggerWrapper:43 - null-1 stored by keyBelgium_25195015
2017-11-26 17:35:50 INFO  LoggerWrapper:43 - null-1 logger injecting
2017-11-26 17:35:50 INFO  LoggerWrapper:43 - null-1 logger injected
2017-11-26 17:35:50 INFO  LoggerWrapper:43 - null-1 StreamData injecting
2017-11-26 17:35:50 INFO  LoggerWrapper:43 - null-1 StreamData injected
2017-11-26 17:35:50 INFO  LoggerWrapper:43 - null-1 connected to redis by host: localhost port: 6379 DB: 0
2017-11-26 17:35:50 INFO  LoggerWrapper:43 - null-1 stored by keyBelgium_25195015
2017-11-26 17:35:50 INFO  LoggerWrapper:43 - null-1 stored by keyBelgium_25195015
2017-11-26 17:36:04 INFO  LoggerWrapper:43 - null-1 logger injecting
2017-11-26 17:36:05 INFO  LoggerWrapper:43 - null-1 logger injected
2017-11-26 17:36:05 INFO  LoggerWrapper:43 - null-1 StreamData injecting
2017-11-26 17:36:05 INFO  LoggerWrapper:43 - null-1 StreamData injected
2017-11-26 17:36:05 INFO  LoggerWrapper:43 - null-1 connected to redis by host: localhost port: 6379 DB: 0
2017-11-26 17:36:05 INFO  LoggerWrapper:43 - null-1 stored by keyBelgium_25195015
2017-11-26 17:36:05 INFO  LoggerWrapper:43 - null-1 stored by keyBelgium_25195015
2017-11-26 17:37:25 INFO  LoggerWrapper:43 - null-1 logger injecting
2017-11-26 17:37:25 INFO  LoggerWrapper:43 - null-1 logger injected
2017-11-26 17:37:25 INFO  LoggerWrapper:43 - null-1 StreamData injecting
2017-11-26 17:37:25 INFO  LoggerWrapper:43 - null-1 StreamData injected
2017-11-26 17:37:25 INFO  LoggerWrapper:43 - null-1 connected to redis by host: localhost port: 6379 DB: 0
2017-11-26 17:37:25 INFO  LoggerWrapper:43 - null-1 stored by keyBelgium_25195015
2017-11-26 17:37:25 INFO  LoggerWrapper:43 - null-1 stored by keyBelgium_25195015
2017-11-26 17:38:14 INFO  LoggerWrapper:43 - null-1 logger injecting
2017-11-26 17:38:14 INFO  LoggerWrapper:43 - null-1 logger injected
2017-11-26 17:38:14 INFO  LoggerWrapper:43 - null-1 StreamData injecting
2017-11-26 17:38:14 INFO  LoggerWrapper:43 - null-1 StreamData injected
2017-11-26 17:38:14 INFO  LoggerWrapper:43 - null-1 connected to redis by host: localhost port: 6379 DB: 1
2017-11-26 17:38:14 INFO  LoggerWrapper:43 - null-1 stored by keyBelgium_25195015
2017-11-26 17:38:14 INFO  LoggerWrapper:43 - null-1 stored by keyBelgium_25195015
